<?xml version="1.0" encoding="UTF-8"?>
<!-- Generated by org.testng.reporters.JUnitReportReporter -->
<testsuite hostname="Windows-10" failures="0" tests="2" name="handle_web_element.TC01TestNGExample" time="0.011" errors="0" timestamp="2023-03-12T16:02:57 BDT" skipped="0">
  <testcase classname="handle_web_element.TC01TestNGExample" name="textcase1" time="0.006"/>
  <system-out/>
  <testcase classname="handle_web_element.TC01TestNGExample" name="textcase2" time="0.005"/>
  <system-out/>
</testsuite> <!-- handle_web_element.TC01TestNGExample -->
