<?xml version="1.0" encoding="UTF-8"?>
<!-- Generated by org.testng.reporters.JUnitReportReporter -->
<testsuite hostname="Windows-10" failures="0" tests="1" name="handle_web_element.TC03_iframeCheckboxRadioButton" time="21.159" errors="0" timestamp="2023-03-21T15:14:25 BDT" skipped="0">
  <testcase classname="handle_web_element.TC03_iframeCheckboxRadioButton" name="Testradiobutton" time="21.159"/>
  <system-out/>
</testsuite> <!-- handle_web_element.TC03_iframeCheckboxRadioButton -->
